<?xml version="1.0" encoding="UTF-8"?>
<testsuite xmlns:xsi="http://www.w3.org/2001/XMLSchema-instance" xsi:noNamespaceSchemaLocation="https://maven.apache.org/surefire/maven-surefire-plugin/xsd/surefire-test-report-3.0.xsd" version="3.0" name="com.example.MigrationProject1.AppTest" time="0.047" tests="1" errors="0" skipped="0" failures="0">
  <properties>
    <property name="sun.desktop" value="windows"/>
    <property name="awt.toolkit" value="sun.awt.windows.WToolkit"/>
    <property name="java.specification.version" value="11"/>
    <property name="sun.cpu.isalist" value="amd64"/>
    <property name="sun.jnu.encoding" value="Cp1252"/>
    <property name="java.class.path" value="E:\jyothi\Projects\MigrationProject1\target\test-classes;E:\jyothi\Projects\MigrationProject1\target\classes;C:\Users\TS-AC-01\.m2\repository\org\apache\iceberg\iceberg-core\1.9.1\iceberg-core-1.9.1.jar;C:\Users\TS-AC-01\.m2\repository\org\apache\iceberg\iceberg-api\1.9.1\iceberg-api-1.9.1.jar;C:\Users\TS-AC-01\.m2\repository\org\apache\avro\avro\1.12.0\avro-1.12.0.jar;C:\Users\TS-AC-01\.m2\repository\org\slf4j\slf4j-api\2.0.17\slf4j-api-2.0.17.jar;C:\Users\TS-AC-01\.m2\repository\org\apache\iceberg\iceberg-common\1.9.1\iceberg-common-1.9.1.jar;C:\Users\TS-AC-01\.m2\repository\org\apache\iceberg\iceberg-bundled-guava\1.9.1\iceberg-bundled-guava-1.9.1.jar;C:\Users\TS-AC-01\.m2\repository\io\airlift\aircompressor\0.27\aircompressor-0.27.jar;C:\Users\TS-AC-01\.m2\repository\org\apache\httpcomponents\client5\httpclient5\5.4.3\httpclient5-5.4.3.jar;C:\Users\TS-AC-01\.m2\repository\org\apache\httpcomponents\core5\httpcore5\5.3.4\httpcore5-5.3.4.jar;C:\Users\TS-AC-01\.m2\repository\org\apache\httpcomponents\core5\httpcore5-h2\5.3.4\httpcore5-h2-5.3.4.jar;C:\Users\TS-AC-01\.m2\repository\com\fasterxml\jackson\core\jackson-core\2.18.3\jackson-core-2.18.3.jar;C:\Users\TS-AC-01\.m2\repository\com\fasterxml\jackson\core\jackson-databind\2.18.3\jackson-databind-2.18.3.jar;C:\Users\TS-AC-01\.m2\repository\com\fasterxml\jackson\core\jackson-annotations\2.18.3\jackson-annotations-2.18.3.jar;C:\Users\TS-AC-01\.m2\repository\com\github\ben-manes\caffeine\caffeine\2.9.3\caffeine-2.9.3.jar;C:\Users\TS-AC-01\.m2\repository\com\google\errorprone\error_prone_annotations\2.10.0\error_prone_annotations-2.10.0.jar;C:\Users\TS-AC-01\.m2\repository\org\roaringbitmap\RoaringBitmap\1.3.0\RoaringBitmap-1.3.0.jar;C:\Users\TS-AC-01\.m2\repository\org\postgresql\postgresql\42.7.3\postgresql-42.7.3.jar;C:\Users\TS-AC-01\.m2\repository\org\checkerframework\checker-qual\3.42.0\checker-qual-3.42.0.jar;C:\Users\TS-AC-01\.m2\repository\org\duckdb\duckdb_jdbc\1.3.1.0\duckdb_jdbc-1.3.1.0.jar;C:\Users\TS-AC-01\.m2\repository\org\apache\hadoop\hadoop-common\3.4.1\hadoop-common-3.4.1.jar;C:\Users\TS-AC-01\.m2\repository\org\apache\hadoop\thirdparty\hadoop-shaded-protobuf_3_25\1.3.0\hadoop-shaded-protobuf_3_25-1.3.0.jar;C:\Users\TS-AC-01\.m2\repository\org\apache\hadoop\hadoop-annotations\3.4.1\hadoop-annotations-3.4.1.jar;C:\Users\TS-AC-01\.m2\repository\org\apache\hadoop\thirdparty\hadoop-shaded-guava\1.3.0\hadoop-shaded-guava-1.3.0.jar;C:\Users\TS-AC-01\.m2\repository\com\google\guava\guava\27.0-jre\guava-27.0-jre.jar;C:\Users\TS-AC-01\.m2\repository\com\google\guava\failureaccess\1.0\failureaccess-1.0.jar;C:\Users\TS-AC-01\.m2\repository\com\google\guava\listenablefuture\9999.0-empty-to-avoid-conflict-with-guava\listenablefuture-9999.0-empty-to-avoid-conflict-with-guava.jar;C:\Users\TS-AC-01\.m2\repository\com\google\j2objc\j2objc-annotations\1.1\j2objc-annotations-1.1.jar;C:\Users\TS-AC-01\.m2\repository\org\codehaus\mojo\animal-sniffer-annotations\1.17\animal-sniffer-annotations-1.17.jar;C:\Users\TS-AC-01\.m2\repository\commons-cli\commons-cli\1.5.0\commons-cli-1.5.0.jar;C:\Users\TS-AC-01\.m2\repository\org\apache\commons\commons-math3\3.6.1\commons-math3-3.6.1.jar;C:\Users\TS-AC-01\.m2\repository\org\apache\httpcomponents\httpclient\4.5.13\httpclient-4.5.13.jar;C:\Users\TS-AC-01\.m2\repository\org\apache\httpcomponents\httpcore\4.4.13\httpcore-4.4.13.jar;C:\Users\TS-AC-01\.m2\repository\commons-logging\commons-logging\1.2\commons-logging-1.2.jar;C:\Users\TS-AC-01\.m2\repository\commons-codec\commons-codec\1.15\commons-codec-1.15.jar;C:\Users\TS-AC-01\.m2\repository\commons-io\commons-io\2.16.1\commons-io-2.16.1.jar;C:\Users\TS-AC-01\.m2\repository\commons-net\commons-net\3.9.0\commons-net-3.9.0.jar;C:\Users\TS-AC-01\.m2\repository\commons-collections\commons-collections\3.2.2\commons-collections-3.2.2.jar;C:\Users\TS-AC-01\.m2\repository\javax\servlet\javax.servlet-api\3.1.0\javax.servlet-api-3.1.0.jar;C:\Users\TS-AC-01\.m2\repository\jakarta\activation\jakarta.activation-api\1.2.1\jakarta.activation-api-1.2.1.jar;C:\Users\TS-AC-01\.m2\repository\org\eclipse\jetty\jetty-server\9.4.53.v20231009\jetty-server-9.4.53.v20231009.jar;C:\Users\TS-AC-01\.m2\repository\org\eclipse\jetty\jetty-http\9.4.53.v20231009\jetty-http-9.4.53.v20231009.jar;C:\Users\TS-AC-01\.m2\repository\org\eclipse\jetty\jetty-io\9.4.53.v20231009\jetty-io-9.4.53.v20231009.jar;C:\Users\TS-AC-01\.m2\repository\org\eclipse\jetty\jetty-util\9.4.53.v20231009\jetty-util-9.4.53.v20231009.jar;C:\Users\TS-AC-01\.m2\repository\org\eclipse\jetty\jetty-servlet\9.4.53.v20231009\jetty-servlet-9.4.53.v20231009.jar;C:\Users\TS-AC-01\.m2\repository\org\eclipse\jetty\jetty-security\9.4.53.v20231009\jetty-security-9.4.53.v20231009.jar;C:\Users\TS-AC-01\.m2\repository\org\eclipse\jetty\jetty-util-ajax\9.4.53.v20231009\jetty-util-ajax-9.4.53.v20231009.jar;C:\Users\TS-AC-01\.m2\repository\org\eclipse\jetty\jetty-webapp\9.4.53.v20231009\jetty-webapp-9.4.53.v20231009.jar;C:\Users\TS-AC-01\.m2\repository\org\eclipse\jetty\jetty-xml\9.4.53.v20231009\jetty-xml-9.4.53.v20231009.jar;C:\Users\TS-AC-01\.m2\repository\javax\servlet\jsp\jsp-api\2.1\jsp-api-2.1.jar;C:\Users\TS-AC-01\.m2\repository\com\sun\jersey\jersey-core\1.19.4\jersey-core-1.19.4.jar;C:\Users\TS-AC-01\.m2\repository\javax\ws\rs\jsr311-api\1.1.1\jsr311-api-1.1.1.jar;C:\Users\TS-AC-01\.m2\repository\com\sun\jersey\jersey-servlet\1.19.4\jersey-servlet-1.19.4.jar;C:\Users\TS-AC-01\.m2\repository\com\github\pjfanning\jersey-json\1.22.0\jersey-json-1.22.0.jar;C:\Users\TS-AC-01\.m2\repository\com\sun\xml\bind\jaxb-impl\2.2.3-1\jaxb-impl-2.2.3-1.jar;C:\Users\TS-AC-01\.m2\repository\javax\xml\bind\jaxb-api\2.2.2\jaxb-api-2.2.2.jar;C:\Users\TS-AC-01\.m2\repository\javax\xml\stream\stax-api\1.0-2\stax-api-1.0-2.jar;C:\Users\TS-AC-01\.m2\repository\javax\activation\activation\1.1\activation-1.1.jar;C:\Users\TS-AC-01\.m2\repository\org\codehaus\jettison\jettison\1.5.4\jettison-1.5.4.jar;C:\Users\TS-AC-01\.m2\repository\com\sun\jersey\jersey-server\1.19.4\jersey-server-1.19.4.jar;C:\Users\TS-AC-01\.m2\repository\ch\qos\reload4j\reload4j\1.2.22\reload4j-1.2.22.jar;C:\Users\TS-AC-01\.m2\repository\commons-beanutils\commons-beanutils\1.9.4\commons-beanutils-1.9.4.jar;C:\Users\TS-AC-01\.m2\repository\org\apache\commons\commons-configuration2\2.10.1\commons-configuration2-2.10.1.jar;C:\Users\TS-AC-01\.m2\repository\org\apache\commons\commons-lang3\3.12.0\commons-lang3-3.12.0.jar;C:\Users\TS-AC-01\.m2\repository\org\apache\commons\commons-text\1.10.0\commons-text-1.10.0.jar;C:\Users\TS-AC-01\.m2\repository\org\slf4j\slf4j-reload4j\1.7.36\slf4j-reload4j-1.7.36.jar;C:\Users\TS-AC-01\.m2\repository\com\google\re2j\re2j\1.1\re2j-1.1.jar;C:\Users\TS-AC-01\.m2\repository\com\google\code\gson\gson\2.9.0\gson-2.9.0.jar;C:\Users\TS-AC-01\.m2\repository\org\apache\hadoop\hadoop-auth\3.4.1\hadoop-auth-3.4.1.jar;C:\Users\TS-AC-01\.m2\repository\com\nimbusds\nimbus-jose-jwt\9.37.2\nimbus-jose-jwt-9.37.2.jar;C:\Users\TS-AC-01\.m2\repository\com\github\stephenc\jcip\jcip-annotations\1.0-1\jcip-annotations-1.0-1.jar;C:\Users\TS-AC-01\.m2\repository\org\apache\curator\curator-framework\5.2.0\curator-framework-5.2.0.jar;C:\Users\TS-AC-01\.m2\repository\org\apache\kerby\kerb-util\2.0.3\kerb-util-2.0.3.jar;C:\Users\TS-AC-01\.m2\repository\org\apache\kerby\kerby-config\2.0.3\kerby-config-2.0.3.jar;C:\Users\TS-AC-01\.m2\repository\org\apache\kerby\kerb-crypto\2.0.3\kerb-crypto-2.0.3.jar;C:\Users\TS-AC-01\.m2\repository\com\jcraft\jsch\0.1.55\jsch-0.1.55.jar;C:\Users\TS-AC-01\.m2\repository\org\apache\curator\curator-client\5.2.0\curator-client-5.2.0.jar;C:\Users\TS-AC-01\.m2\repository\org\apache\curator\curator-recipes\5.2.0\curator-recipes-5.2.0.jar;C:\Users\TS-AC-01\.m2\repository\com\google\code\findbugs\jsr305\3.0.2\jsr305-3.0.2.jar;C:\Users\TS-AC-01\.m2\repository\org\apache\zookeeper\zookeeper\3.8.4\zookeeper-3.8.4.jar;C:\Users\TS-AC-01\.m2\repository\org\apache\zookeeper\zookeeper-jute\3.8.4\zookeeper-jute-3.8.4.jar;C:\Users\TS-AC-01\.m2\repository\org\apache\yetus\audience-annotations\0.12.0\audience-annotations-0.12.0.jar;C:\Users\TS-AC-01\.m2\repository\io\netty\netty-handler\4.1.100.Final\netty-handler-4.1.100.Final.jar;C:\Users\TS-AC-01\.m2\repository\io\netty\netty-common\4.1.100.Final\netty-common-4.1.100.Final.jar;C:\Users\TS-AC-01\.m2\repository\io\netty\netty-resolver\4.1.100.Final\netty-resolver-4.1.100.Final.jar;C:\Users\TS-AC-01\.m2\repository\io\netty\netty-buffer\4.1.100.Final\netty-buffer-4.1.100.Final.jar;C:\Users\TS-AC-01\.m2\repository\io\netty\netty-transport\4.1.100.Final\netty-transport-4.1.100.Final.jar;C:\Users\TS-AC-01\.m2\repository\io\netty\netty-transport-native-unix-common\4.1.100.Final\netty-transport-native-unix-common-4.1.100.Final.jar;C:\Users\TS-AC-01\.m2\repository\io\netty\netty-codec\4.1.100.Final\netty-codec-4.1.100.Final.jar;C:\Users\TS-AC-01\.m2\repository\io\netty\netty-transport-native-epoll\4.1.100.Final\netty-transport-native-epoll-4.1.100.Final.jar;C:\Users\TS-AC-01\.m2\repository\io\netty\netty-transport-classes-epoll\4.1.100.Final\netty-transport-classes-epoll-4.1.100.Final.jar;C:\Users\TS-AC-01\.m2\repository\io\dropwizard\metrics\metrics-core\3.2.4\metrics-core-3.2.4.jar;C:\Users\TS-AC-01\.m2\repository\org\apache\commons\commons-compress\1.26.1\commons-compress-1.26.1.jar;C:\Users\TS-AC-01\.m2\repository\org\bouncycastle\bcprov-jdk18on\1.78.1\bcprov-jdk18on-1.78.1.jar;C:\Users\TS-AC-01\.m2\repository\org\apache\kerby\kerb-core\2.0.3\kerb-core-2.0.3.jar;C:\Users\TS-AC-01\.m2\repository\org\apache\kerby\kerby-pkix\2.0.3\kerby-pkix-2.0.3.jar;C:\Users\TS-AC-01\.m2\repository\org\apache\kerby\kerby-asn1\2.0.3\kerby-asn1-2.0.3.jar;C:\Users\TS-AC-01\.m2\repository\org\apache\kerby\kerby-util\2.0.3\kerby-util-2.0.3.jar;C:\Users\TS-AC-01\.m2\repository\org\codehaus\woodstox\stax2-api\4.2.1\stax2-api-4.2.1.jar;C:\Users\TS-AC-01\.m2\repository\com\fasterxml\woodstox\woodstox-core\5.4.0\woodstox-core-5.4.0.jar;C:\Users\TS-AC-01\.m2\repository\dnsjava\dnsjava\3.6.1\dnsjava-3.6.1.jar;C:\Users\TS-AC-01\.m2\repository\org\xerial\snappy\snappy-java\1.1.10.4\snappy-java-1.1.10.4.jar;C:\Users\TS-AC-01\.m2\repository\org\apache\hadoop\hadoop-aws\3.4.1\hadoop-aws-3.4.1.jar;C:\Users\TS-AC-01\.m2\repository\software\amazon\awssdk\bundle\2.24.6\bundle-2.24.6.jar;C:\Users\TS-AC-01\.m2\repository\org\wildfly\openssl\wildfly-openssl\1.1.3.Final\wildfly-openssl-1.1.3.Final.jar;C:\Users\TS-AC-01\.m2\repository\org\slf4j\slf4j-simple\2.0.12\slf4j-simple-2.0.12.jar;C:\Users\TS-AC-01\.m2\repository\org\junit\jupiter\junit-jupiter-engine\5.7.1\junit-jupiter-engine-5.7.1.jar;C:\Users\TS-AC-01\.m2\repository\org\apiguardian\apiguardian-api\1.1.0\apiguardian-api-1.1.0.jar;C:\Users\TS-AC-01\.m2\repository\org\junit\platform\junit-platform-engine\1.7.1\junit-platform-engine-1.7.1.jar;C:\Users\TS-AC-01\.m2\repository\org\opentest4j\opentest4j\1.2.0\opentest4j-1.2.0.jar;C:\Users\TS-AC-01\.m2\repository\org\junit\platform\junit-platform-commons\1.7.1\junit-platform-commons-1.7.1.jar;C:\Users\TS-AC-01\.m2\repository\org\junit\jupiter\junit-jupiter-api\5.7.1\junit-jupiter-api-5.7.1.jar;C:\Users\TS-AC-01\.m2\repository\org\junit\jupiter\junit-jupiter-params\5.7.1\junit-jupiter-params-5.7.1.jar;"/>
    <property name="java.vm.vendor" value="Microsoft"/>
    <property name="sun.arch.data.model" value="64"/>
    <property name="user.variant" value=""/>
    <property name="java.vendor.url" value="https://www.microsoft.com"/>
    <property name="user.timezone" value="Asia/Calcutta"/>
    <property name="java.vm.specification.version" value="11"/>
    <property name="os.name" value="Windows 11"/>
    <property name="sun.java.launcher" value="SUN_STANDARD"/>
    <property name="user.country" value="IN"/>
    <property name="sun.boot.library.path" value="C:\Program Files\Microsoft\jdk-11.0.27.6-hotspot\bin"/>
    <property name="sun.java.command" value="C:\Users\TS-AC-01\AppData\Local\Temp\surefire8180253830676234154\surefirebooter5626932114401005349.jar C:\Users\TS-AC-01\AppData\Local\Temp\surefire8180253830676234154 2025-07-17T16-52-14_474-jvmRun1 surefire7233340960477734214tmp surefire_0787255294219003414tmp"/>
    <property name="jdk.debug" value="release"/>
    <property name="surefire.test.class.path" value="E:\jyothi\Projects\MigrationProject1\target\test-classes;E:\jyothi\Projects\MigrationProject1\target\classes;C:\Users\TS-AC-01\.m2\repository\org\apache\iceberg\iceberg-core\1.9.1\iceberg-core-1.9.1.jar;C:\Users\TS-AC-01\.m2\repository\org\apache\iceberg\iceberg-api\1.9.1\iceberg-api-1.9.1.jar;C:\Users\TS-AC-01\.m2\repository\org\apache\avro\avro\1.12.0\avro-1.12.0.jar;C:\Users\TS-AC-01\.m2\repository\org\slf4j\slf4j-api\2.0.17\slf4j-api-2.0.17.jar;C:\Users\TS-AC-01\.m2\repository\org\apache\iceberg\iceberg-common\1.9.1\iceberg-common-1.9.1.jar;C:\Users\TS-AC-01\.m2\repository\org\apache\iceberg\iceberg-bundled-guava\1.9.1\iceberg-bundled-guava-1.9.1.jar;C:\Users\TS-AC-01\.m2\repository\io\airlift\aircompressor\0.27\aircompressor-0.27.jar;C:\Users\TS-AC-01\.m2\repository\org\apache\httpcomponents\client5\httpclient5\5.4.3\httpclient5-5.4.3.jar;C:\Users\TS-AC-01\.m2\repository\org\apache\httpcomponents\core5\httpcore5\5.3.4\httpcore5-5.3.4.jar;C:\Users\TS-AC-01\.m2\repository\org\apache\httpcomponents\core5\httpcore5-h2\5.3.4\httpcore5-h2-5.3.4.jar;C:\Users\TS-AC-01\.m2\repository\com\fasterxml\jackson\core\jackson-core\2.18.3\jackson-core-2.18.3.jar;C:\Users\TS-AC-01\.m2\repository\com\fasterxml\jackson\core\jackson-databind\2.18.3\jackson-databind-2.18.3.jar;C:\Users\TS-AC-01\.m2\repository\com\fasterxml\jackson\core\jackson-annotations\2.18.3\jackson-annotations-2.18.3.jar;C:\Users\TS-AC-01\.m2\repository\com\github\ben-manes\caffeine\caffeine\2.9.3\caffeine-2.9.3.jar;C:\Users\TS-AC-01\.m2\repository\com\google\errorprone\error_prone_annotations\2.10.0\error_prone_annotations-2.10.0.jar;C:\Users\TS-AC-01\.m2\repository\org\roaringbitmap\RoaringBitmap\1.3.0\RoaringBitmap-1.3.0.jar;C:\Users\TS-AC-01\.m2\repository\org\postgresql\postgresql\42.7.3\postgresql-42.7.3.jar;C:\Users\TS-AC-01\.m2\repository\org\checkerframework\checker-qual\3.42.0\checker-qual-3.42.0.jar;C:\Users\TS-AC-01\.m2\repository\org\duckdb\duckdb_jdbc\1.3.1.0\duckdb_jdbc-1.3.1.0.jar;C:\Users\TS-AC-01\.m2\repository\org\apache\hadoop\hadoop-common\3.4.1\hadoop-common-3.4.1.jar;C:\Users\TS-AC-01\.m2\repository\org\apache\hadoop\thirdparty\hadoop-shaded-protobuf_3_25\1.3.0\hadoop-shaded-protobuf_3_25-1.3.0.jar;C:\Users\TS-AC-01\.m2\repository\org\apache\hadoop\hadoop-annotations\3.4.1\hadoop-annotations-3.4.1.jar;C:\Users\TS-AC-01\.m2\repository\org\apache\hadoop\thirdparty\hadoop-shaded-guava\1.3.0\hadoop-shaded-guava-1.3.0.jar;C:\Users\TS-AC-01\.m2\repository\com\google\guava\guava\27.0-jre\guava-27.0-jre.jar;C:\Users\TS-AC-01\.m2\repository\com\google\guava\failureaccess\1.0\failureaccess-1.0.jar;C:\Users\TS-AC-01\.m2\repository\com\google\guava\listenablefuture\9999.0-empty-to-avoid-conflict-with-guava\listenablefuture-9999.0-empty-to-avoid-conflict-with-guava.jar;C:\Users\TS-AC-01\.m2\repository\com\google\j2objc\j2objc-annotations\1.1\j2objc-annotations-1.1.jar;C:\Users\TS-AC-01\.m2\repository\org\codehaus\mojo\animal-sniffer-annotations\1.17\animal-sniffer-annotations-1.17.jar;C:\Users\TS-AC-01\.m2\repository\commons-cli\commons-cli\1.5.0\commons-cli-1.5.0.jar;C:\Users\TS-AC-01\.m2\repository\org\apache\commons\commons-math3\3.6.1\commons-math3-3.6.1.jar;C:\Users\TS-AC-01\.m2\repository\org\apache\httpcomponents\httpclient\4.5.13\httpclient-4.5.13.jar;C:\Users\TS-AC-01\.m2\repository\org\apache\httpcomponents\httpcore\4.4.13\httpcore-4.4.13.jar;C:\Users\TS-AC-01\.m2\repository\commons-logging\commons-logging\1.2\commons-logging-1.2.jar;C:\Users\TS-AC-01\.m2\repository\commons-codec\commons-codec\1.15\commons-codec-1.15.jar;C:\Users\TS-AC-01\.m2\repository\commons-io\commons-io\2.16.1\commons-io-2.16.1.jar;C:\Users\TS-AC-01\.m2\repository\commons-net\commons-net\3.9.0\commons-net-3.9.0.jar;C:\Users\TS-AC-01\.m2\repository\commons-collections\commons-collections\3.2.2\commons-collections-3.2.2.jar;C:\Users\TS-AC-01\.m2\repository\javax\servlet\javax.servlet-api\3.1.0\javax.servlet-api-3.1.0.jar;C:\Users\TS-AC-01\.m2\repository\jakarta\activation\jakarta.activation-api\1.2.1\jakarta.activation-api-1.2.1.jar;C:\Users\TS-AC-01\.m2\repository\org\eclipse\jetty\jetty-server\9.4.53.v20231009\jetty-server-9.4.53.v20231009.jar;C:\Users\TS-AC-01\.m2\repository\org\eclipse\jetty\jetty-http\9.4.53.v20231009\jetty-http-9.4.53.v20231009.jar;C:\Users\TS-AC-01\.m2\repository\org\eclipse\jetty\jetty-io\9.4.53.v20231009\jetty-io-9.4.53.v20231009.jar;C:\Users\TS-AC-01\.m2\repository\org\eclipse\jetty\jetty-util\9.4.53.v20231009\jetty-util-9.4.53.v20231009.jar;C:\Users\TS-AC-01\.m2\repository\org\eclipse\jetty\jetty-servlet\9.4.53.v20231009\jetty-servlet-9.4.53.v20231009.jar;C:\Users\TS-AC-01\.m2\repository\org\eclipse\jetty\jetty-security\9.4.53.v20231009\jetty-security-9.4.53.v20231009.jar;C:\Users\TS-AC-01\.m2\repository\org\eclipse\jetty\jetty-util-ajax\9.4.53.v20231009\jetty-util-ajax-9.4.53.v20231009.jar;C:\Users\TS-AC-01\.m2\repository\org\eclipse\jetty\jetty-webapp\9.4.53.v20231009\jetty-webapp-9.4.53.v20231009.jar;C:\Users\TS-AC-01\.m2\repository\org\eclipse\jetty\jetty-xml\9.4.53.v20231009\jetty-xml-9.4.53.v20231009.jar;C:\Users\TS-AC-01\.m2\repository\javax\servlet\jsp\jsp-api\2.1\jsp-api-2.1.jar;C:\Users\TS-AC-01\.m2\repository\com\sun\jersey\jersey-core\1.19.4\jersey-core-1.19.4.jar;C:\Users\TS-AC-01\.m2\repository\javax\ws\rs\jsr311-api\1.1.1\jsr311-api-1.1.1.jar;C:\Users\TS-AC-01\.m2\repository\com\sun\jersey\jersey-servlet\1.19.4\jersey-servlet-1.19.4.jar;C:\Users\TS-AC-01\.m2\repository\com\github\pjfanning\jersey-json\1.22.0\jersey-json-1.22.0.jar;C:\Users\TS-AC-01\.m2\repository\com\sun\xml\bind\jaxb-impl\2.2.3-1\jaxb-impl-2.2.3-1.jar;C:\Users\TS-AC-01\.m2\repository\javax\xml\bind\jaxb-api\2.2.2\jaxb-api-2.2.2.jar;C:\Users\TS-AC-01\.m2\repository\javax\xml\stream\stax-api\1.0-2\stax-api-1.0-2.jar;C:\Users\TS-AC-01\.m2\repository\javax\activation\activation\1.1\activation-1.1.jar;C:\Users\TS-AC-01\.m2\repository\org\codehaus\jettison\jettison\1.5.4\jettison-1.5.4.jar;C:\Users\TS-AC-01\.m2\repository\com\sun\jersey\jersey-server\1.19.4\jersey-server-1.19.4.jar;C:\Users\TS-AC-01\.m2\repository\ch\qos\reload4j\reload4j\1.2.22\reload4j-1.2.22.jar;C:\Users\TS-AC-01\.m2\repository\commons-beanutils\commons-beanutils\1.9.4\commons-beanutils-1.9.4.jar;C:\Users\TS-AC-01\.m2\repository\org\apache\commons\commons-configuration2\2.10.1\commons-configuration2-2.10.1.jar;C:\Users\TS-AC-01\.m2\repository\org\apache\commons\commons-lang3\3.12.0\commons-lang3-3.12.0.jar;C:\Users\TS-AC-01\.m2\repository\org\apache\commons\commons-text\1.10.0\commons-text-1.10.0.jar;C:\Users\TS-AC-01\.m2\repository\org\slf4j\slf4j-reload4j\1.7.36\slf4j-reload4j-1.7.36.jar;C:\Users\TS-AC-01\.m2\repository\com\google\re2j\re2j\1.1\re2j-1.1.jar;C:\Users\TS-AC-01\.m2\repository\com\google\code\gson\gson\2.9.0\gson-2.9.0.jar;C:\Users\TS-AC-01\.m2\repository\org\apache\hadoop\hadoop-auth\3.4.1\hadoop-auth-3.4.1.jar;C:\Users\TS-AC-01\.m2\repository\com\nimbusds\nimbus-jose-jwt\9.37.2\nimbus-jose-jwt-9.37.2.jar;C:\Users\TS-AC-01\.m2\repository\com\github\stephenc\jcip\jcip-annotations\1.0-1\jcip-annotations-1.0-1.jar;C:\Users\TS-AC-01\.m2\repository\org\apache\curator\curator-framework\5.2.0\curator-framework-5.2.0.jar;C:\Users\TS-AC-01\.m2\repository\org\apache\kerby\kerb-util\2.0.3\kerb-util-2.0.3.jar;C:\Users\TS-AC-01\.m2\repository\org\apache\kerby\kerby-config\2.0.3\kerby-config-2.0.3.jar;C:\Users\TS-AC-01\.m2\repository\org\apache\kerby\kerb-crypto\2.0.3\kerb-crypto-2.0.3.jar;C:\Users\TS-AC-01\.m2\repository\com\jcraft\jsch\0.1.55\jsch-0.1.55.jar;C:\Users\TS-AC-01\.m2\repository\org\apache\curator\curator-client\5.2.0\curator-client-5.2.0.jar;C:\Users\TS-AC-01\.m2\repository\org\apache\curator\curator-recipes\5.2.0\curator-recipes-5.2.0.jar;C:\Users\TS-AC-01\.m2\repository\com\google\code\findbugs\jsr305\3.0.2\jsr305-3.0.2.jar;C:\Users\TS-AC-01\.m2\repository\org\apache\zookeeper\zookeeper\3.8.4\zookeeper-3.8.4.jar;C:\Users\TS-AC-01\.m2\repository\org\apache\zookeeper\zookeeper-jute\3.8.4\zookeeper-jute-3.8.4.jar;C:\Users\TS-AC-01\.m2\repository\org\apache\yetus\audience-annotations\0.12.0\audience-annotations-0.12.0.jar;C:\Users\TS-AC-01\.m2\repository\io\netty\netty-handler\4.1.100.Final\netty-handler-4.1.100.Final.jar;C:\Users\TS-AC-01\.m2\repository\io\netty\netty-common\4.1.100.Final\netty-common-4.1.100.Final.jar;C:\Users\TS-AC-01\.m2\repository\io\netty\netty-resolver\4.1.100.Final\netty-resolver-4.1.100.Final.jar;C:\Users\TS-AC-01\.m2\repository\io\netty\netty-buffer\4.1.100.Final\netty-buffer-4.1.100.Final.jar;C:\Users\TS-AC-01\.m2\repository\io\netty\netty-transport\4.1.100.Final\netty-transport-4.1.100.Final.jar;C:\Users\TS-AC-01\.m2\repository\io\netty\netty-transport-native-unix-common\4.1.100.Final\netty-transport-native-unix-common-4.1.100.Final.jar;C:\Users\TS-AC-01\.m2\repository\io\netty\netty-codec\4.1.100.Final\netty-codec-4.1.100.Final.jar;C:\Users\TS-AC-01\.m2\repository\io\netty\netty-transport-native-epoll\4.1.100.Final\netty-transport-native-epoll-4.1.100.Final.jar;C:\Users\TS-AC-01\.m2\repository\io\netty\netty-transport-classes-epoll\4.1.100.Final\netty-transport-classes-epoll-4.1.100.Final.jar;C:\Users\TS-AC-01\.m2\repository\io\dropwizard\metrics\metrics-core\3.2.4\metrics-core-3.2.4.jar;C:\Users\TS-AC-01\.m2\repository\org\apache\commons\commons-compress\1.26.1\commons-compress-1.26.1.jar;C:\Users\TS-AC-01\.m2\repository\org\bouncycastle\bcprov-jdk18on\1.78.1\bcprov-jdk18on-1.78.1.jar;C:\Users\TS-AC-01\.m2\repository\org\apache\kerby\kerb-core\2.0.3\kerb-core-2.0.3.jar;C:\Users\TS-AC-01\.m2\repository\org\apache\kerby\kerby-pkix\2.0.3\kerby-pkix-2.0.3.jar;C:\Users\TS-AC-01\.m2\repository\org\apache\kerby\kerby-asn1\2.0.3\kerby-asn1-2.0.3.jar;C:\Users\TS-AC-01\.m2\repository\org\apache\kerby\kerby-util\2.0.3\kerby-util-2.0.3.jar;C:\Users\TS-AC-01\.m2\repository\org\codehaus\woodstox\stax2-api\4.2.1\stax2-api-4.2.1.jar;C:\Users\TS-AC-01\.m2\repository\com\fasterxml\woodstox\woodstox-core\5.4.0\woodstox-core-5.4.0.jar;C:\Users\TS-AC-01\.m2\repository\dnsjava\dnsjava\3.6.1\dnsjava-3.6.1.jar;C:\Users\TS-AC-01\.m2\repository\org\xerial\snappy\snappy-java\1.1.10.4\snappy-java-1.1.10.4.jar;C:\Users\TS-AC-01\.m2\repository\org\apache\hadoop\hadoop-aws\3.4.1\hadoop-aws-3.4.1.jar;C:\Users\TS-AC-01\.m2\repository\software\amazon\awssdk\bundle\2.24.6\bundle-2.24.6.jar;C:\Users\TS-AC-01\.m2\repository\org\wildfly\openssl\wildfly-openssl\1.1.3.Final\wildfly-openssl-1.1.3.Final.jar;C:\Users\TS-AC-01\.m2\repository\org\slf4j\slf4j-simple\2.0.12\slf4j-simple-2.0.12.jar;C:\Users\TS-AC-01\.m2\repository\org\junit\jupiter\junit-jupiter-engine\5.7.1\junit-jupiter-engine-5.7.1.jar;C:\Users\TS-AC-01\.m2\repository\org\apiguardian\apiguardian-api\1.1.0\apiguardian-api-1.1.0.jar;C:\Users\TS-AC-01\.m2\repository\org\junit\platform\junit-platform-engine\1.7.1\junit-platform-engine-1.7.1.jar;C:\Users\TS-AC-01\.m2\repository\org\opentest4j\opentest4j\1.2.0\opentest4j-1.2.0.jar;C:\Users\TS-AC-01\.m2\repository\org\junit\platform\junit-platform-commons\1.7.1\junit-platform-commons-1.7.1.jar;C:\Users\TS-AC-01\.m2\repository\org\junit\jupiter\junit-jupiter-api\5.7.1\junit-jupiter-api-5.7.1.jar;C:\Users\TS-AC-01\.m2\repository\org\junit\jupiter\junit-jupiter-params\5.7.1\junit-jupiter-params-5.7.1.jar;"/>
    <property name="sun.cpu.endian" value="little"/>
    <property name="user.home" value="C:\Users\TS-AC-01"/>
    <property name="user.language" value="en"/>
    <property name="java.specification.vendor" value="Oracle Corporation"/>
    <property name="java.version.date" value="2025-04-15"/>
    <property name="java.home" value="C:\Program Files\Microsoft\jdk-11.0.27.6-hotspot"/>
    <property name="file.separator" value="\"/>
    <property name="style.color" value="always"/>
    <property name="basedir" value="E:\jyothi\Projects\MigrationProject1"/>
    <property name="java.vm.compressedOopsMode" value="32-bit"/>
    <property name="line.separator" value="&#10;"/>
    <property name="java.specification.name" value="Java Platform API Specification"/>
    <property name="java.vm.specification.vendor" value="Oracle Corporation"/>
    <property name="java.awt.graphicsenv" value="sun.awt.Win32GraphicsEnvironment"/>
    <property name="surefire.real.class.path" value="C:\Users\TS-AC-01\AppData\Local\Temp\surefire8180253830676234154\surefirebooter5626932114401005349.jar"/>
    <property name="user.script" value=""/>
    <property name="sun.management.compiler" value="HotSpot 64-Bit Tiered Compilers"/>
    <property name="java.runtime.version" value="11.0.27+6-LTS"/>
    <property name="user.name" value="TS-AC-01"/>
    <property name="path.separator" value=";"/>
    <property name="os.version" value="10.0"/>
    <property name="java.runtime.name" value="OpenJDK Runtime Environment"/>
    <property name="file.encoding" value="Cp1252"/>
    <property name="java.vm.name" value="OpenJDK 64-Bit Server VM"/>
    <property name="java.vendor.version" value="Microsoft-11367275"/>
    <property name="localRepository" value="C:\Users\TS-AC-01\.m2\repository"/>
    <property name="java.vendor.url.bug" value="https://github.com/microsoft/openjdk/issues"/>
    <property name="java.io.tmpdir" value="C:\Users\TS-AC-01\AppData\Local\Temp\"/>
    <property name="java.version" value="11.0.27"/>
    <property name="user.dir" value="E:\jyothi\Projects\MigrationProject1"/>
    <property name="os.arch" value="amd64"/>
    <property name="java.vm.specification.name" value="Java Virtual Machine Specification"/>
    <property name="java.awt.printerjob" value="sun.awt.windows.WPrinterJob"/>
    <property name="sun.os.patch.level" value=""/>
    <property name="java.library.path" value="C:\Program Files\Microsoft\jdk-11.0.27.6-hotspot\bin;C:\WINDOWS\Sun\Java\bin;C:\WINDOWS\system32;C:\WINDOWS;C:/Users/TS-AC-01/.p2/pool/plugins/org.eclipse.justj.openjdk.hotspot.jre.full.win32.x86_64_21.0.7.v20250502-0916/jre/bin/server;C:/Users/TS-AC-01/.p2/pool/plugins/org.eclipse.justj.openjdk.hotspot.jre.full.win32.x86_64_21.0.7.v20250502-0916/jre/bin;C:\Program Files\Microsoft\jdk-11.0.27.6-hotspot\bin;C:\Program Files\Common Files\Oracle\Java\javapath;C:\WINDOWS\system32;C:\WINDOWS;C:\WINDOWS\System32\Wbem;C:\WINDOWS\System32\WindowsPowerShell\v1.0\;C:\WINDOWS\System32\OpenSSH\;C:\Program Files\Git\cmd;C:\Program Files\Microsoft\jdk-11.0.27.6-hotspot\bin\server;C:\Program Files\Softwares\Hadoop\bin;C:\Program Files\Softwares\duckdb;C:\Program Files\Softwares\Hadoop\bin;C:\Program Files\Softwares\Docker\Docker\resources\bin;C:\Program Files\Softwares\Kubernetes\Minikube;C:\Program Files\Softwares\MinIO;C:\Program Files\Softwares\postgres15\pgsql\bin;C:\Program Files\Softwares\maven\apache-maven-3.9.10\bin;C:\Program Files\Docker\Docker\resources\bin;C:\Program Files\Softwares\Spark\spark-3.5.6-bin-hadoop3\bin;C:\Program Files\Microsoft\jdk-11.0.27.6-hotspot\bin\server;C:\WINDOWS\system32;C:\WINDOWS;C:\WINDOWS\System32\Wbem;C:\WINDOWS\System32\WindowsPowerShell\v1.0\;C:\WINDOWS\System32\OpenSSH\;C:\Program Files\Git\cmd;C:\Program Files\Java\jdk8u452-b09\bin;C:\Program Files\Hadoop\bin;C:\Program Files\Spark\spark-3.5.5-bin-hadoop3\bin;C:\Program Files\DuckDB;C:\WINDOWS\system32;C:\WINDOWS;C:\WINDOWS\System32\Wbem;C:\WINDOWS\System32\WindowsPowerShell\v1.0\;C:\WINDOWS\System32\OpenSSH\;C:\Program Files\Git\cmd;C:\Program Files\Java\jdk8u452-b09\bin;C:\Program Files\Hadoop\bin;C:\Program Files\Spark\spark-3.5.5-bin-hadoop3\bin;C:\Program Files\DuckDB;C:\Users\TS-AC-01\AppData\Local\Microsoft\WindowsApps;C:\Users\TS-AC-01\AppData\Local\Programs\Microsoft VS Code\bin;C:\hadoop-3.3.6\bin;C:\Program Files\Hadoop\bin;C:\Program Files\Microsoft\jdk-11.0.27.6-hotspot\bin\server;;C:\WINDOWS\System32;;."/>
    <property name="java.vm.info" value="mixed mode, sharing"/>
    <property name="java.vendor" value="Microsoft"/>
    <property name="java.vm.version" value="11.0.27+6-LTS"/>
    <property name="java.specification.maintenance.version" value="3"/>
    <property name="sun.io.unicode.encoding" value="UnicodeLittle"/>
    <property name="java.class.version" value="55.0"/>
  </properties>
  <testcase name="shouldAnswerWithTrue" classname="com.example.MigrationProject1.AppTest" time="0.028"/>
</testsuite>